
日志时间：2018-10-07 18:56:52,544 [20] 
日志级别：INFO  
消息描述：loginfo [(null)] 
1于2018年10月07日 18:56:52登录成功 
 
日志时间：2018-10-07 21:00:38,497 [19] 
日志级别：INFO  
消息描述：loginfo [(null)] 
1于2018年10月07日 21:00:38前台登录成功 
 
日志时间：2018-10-07 21:09:37,640 [38] 
日志级别：INFO  
消息描述：loginfo [(null)] 
1于2018年10月07日 21:09:37前台登录成功 
 
日志时间：2018-10-07 21:10:23,379 [37] 
日志级别：INFO  
消息描述：loginfo [(null)] 
1于2018年10月07日 21:10:23前台登录成功 
 
日志时间：2018-10-07 21:11:34,263 [38] 
日志级别：INFO  
消息描述：loginfo [(null)] 
1于2018年10月07日 21:11:34前台登录成功 
 
日志时间：2018-10-07 21:11:55,719 [40] 
日志级别：INFO  
消息描述：loginfo [(null)] 
1于2018年10月07日 21:11:55前台登录成功 
 
日志时间：2018-10-07 21:14:29,878 [38] 
日志级别：INFO  
消息描述：loginfo [(null)] 
1于2018年10月07日 21:14:29前台登录成功 
 