
日志时间：2018-10-08 13:50:44,747 [6] 
日志级别：INFO  
消息描述：loginfo [(null)] 
1于2018年10月08日 13:50:44前台登录成功 
 
日志时间：2018-10-08 19:23:10,994 [8] 
日志级别：INFO  
消息描述：loginfo [(null)] 
1于2018年10月08日 19:23:10后台登录成功 
 
日志时间：2018-10-08 19:41:02,570 [19] 
日志级别：INFO  
消息描述：loginfo [(null)] 
2于2018年10月08日 19:41:02后台登录成功 
 
日志时间：2018-10-08 20:27:46,585 [9] 
日志级别：INFO  
消息描述：loginfo [(null)] 
1于2018年10月08日 20:27:46后台登录成功 
 
日志时间：2018-10-08 20:44:37,074 [13] 
日志级别：INFO  
消息描述：loginfo [(null)] 
2于2018年10月08日 20:44:37后台登录成功 
 
日志时间：2018-10-08 20:45:03,741 [13] 
日志级别：INFO  
消息描述：loginfo [(null)] 
4于2018年10月08日 20:45:03后台登录成功 
 
日志时间：2018-10-08 20:45:21,937 [17] 
日志级别：INFO  
消息描述：loginfo [(null)] 
2于2018年10月08日 20:45:21后台登录成功 
 
日志时间：2018-10-08 20:46:20,355 [9] 
日志级别：INFO  
消息描述：loginfo [(null)] 
1于2018年10月08日 20:46:20前台登录成功 
 
日志时间：2018-10-08 20:49:18,110 [18] 
日志级别：INFO  
消息描述：loginfo [(null)] 
3于2018年10月08日 20:49:18后台登录成功 
 
日志时间：2018-10-08 20:50:25,931 [9] 
日志级别：INFO  
消息描述：loginfo [(null)] 
1于2018年10月08日 20:50:25后台登录成功 
 
日志时间：2018-10-08 20:51:50,374 [18] 
日志级别：INFO  
消息描述：loginfo [(null)] 
3于2018年10月08日 20:51:50后台登录成功 
 
日志时间：2018-10-08 20:52:47,358 [28] 
日志级别：INFO  
消息描述：loginfo [(null)] 
3于2018年10月08日 20:52:47后台登录成功 
 