
日志时间：2018-10-09 11:56:23,135 [8] 
日志级别：INFO  
消息描述：loginfo [(null)] 
1于2018年10月09日 11:56:23前台登录成功 
 
日志时间：2018-10-09 12:46:19,102 [31] 
日志级别：INFO  
消息描述：loginfo [(null)] 
1于2018年10月09日 12:46:19后台登录成功 
 
日志时间：2018-10-09 12:48:06,861 [30] 
日志级别：INFO  
消息描述：loginfo [(null)] 
3于2018年10月09日 12:48:06后台登录成功 
 
日志时间：2018-10-09 13:05:03,798 [30] 
日志级别：INFO  
消息描述：loginfo [(null)] 
1于2018年10月09日 13:05:03后台登录成功 
 
日志时间：2018-10-09 15:12:50,007 [39] 
日志级别：INFO  
消息描述：loginfo [(null)] 
1于2018年10月09日 15:12:49后台登录成功 
 
日志时间：2018-10-09 19:25:11,508 [18] 
日志级别：INFO  
消息描述：loginfo [(null)] 
1于2018年10月09日 19:25:11后台登录成功 
 
日志时间：2018-10-09 19:28:40,717 [12] 
日志级别：INFO  
消息描述：loginfo [(null)] 
1于2018年10月09日 19:28:40后台登录成功 
 
日志时间：2018-10-09 19:42:47,491 [27] 
日志级别：INFO  
消息描述：loginfo [(null)] 
1于2018年10月09日 19:42:47后台登录成功 
 