
日志时间：2018-10-10 07:07:31,255 [25] 
日志级别：INFO  
消息描述：loginfo [(null)] 
1于2018年10月10日 07:07:31前台登录成功 
 
日志时间：2018-10-10 15:23:16,629 [9] 
日志级别：INFO  
消息描述：loginfo [(null)] 
1于2018年10月10日 15:23:16后台登录成功 
 
日志时间：2018-10-10 15:23:16,629 [11] 
日志级别：INFO  
消息描述：loginfo [(null)] 
1于2018年10月10日 15:23:16后台登录成功 
 
日志时间：2018-10-10 19:05:36,451 [7] 
日志级别：INFO  
消息描述：loginfo [(null)] 
1于2018年10月10日 19:05:36前台登录成功 
 
日志时间：2018-10-10 19:06:51,621 [9] 
日志级别：INFO  
消息描述：loginfo [(null)] 
1于2018年10月10日 19:06:51后台登录成功 
 