
日志时间：2018-10-11 11:46:35,153 [20] 
日志级别：INFO  
消息描述：loginfo [(null)] 
maqichen于2018年10月11日 11:46:35前台登录成功 
 
日志时间：2018-10-11 11:51:56,965 [23] 
日志级别：INFO  
消息描述：loginfo [(null)] 
1于2018年10月11日 11:51:56前台登录成功 
 
日志时间：2018-10-11 11:58:10,390 [31] 
日志级别：INFO  
消息描述：loginfo [(null)] 
1于2018年10月11日 11:58:10后台登录成功 
 
日志时间：2018-10-11 12:46:55,899 [22] 
日志级别：INFO  
消息描述：loginfo [(null)] 
1于2018年10月11日 12:46:55前台登录成功 
 
日志时间：2018-10-11 12:49:45,628 [5] 
日志级别：INFO  
消息描述：loginfo [(null)] 
1于2018年10月11日 12:49:45前台登录成功 
 
日志时间：2018-10-11 12:52:37,063 [23] 
日志级别：INFO  
消息描述：loginfo [(null)] 
1于2018年10月11日 12:52:37前台登录成功 
 
日志时间：2018-10-11 12:55:56,413 [37] 
日志级别：INFO  
消息描述：loginfo [(null)] 
1于2018年10月11日 12:55:56前台登录成功 
 
日志时间：2018-10-11 13:09:30,546 [57] 
日志级别：INFO  
消息描述：loginfo [(null)] 
1于2018年10月11日 13:09:30前台登录成功 
 
日志时间：2018-10-11 14:13:29,675 [38] 
日志级别：INFO  
消息描述：loginfo [(null)] 
1于2018年10月11日 14:13:29后台登录成功 
 
日志时间：2018-10-11 16:28:40,141 [6] 
日志级别：INFO  
消息描述：loginfo [(null)] 
1于2018年10月11日 16:28:40后台登录成功 
 