
日志时间：2018-10-12 10:09:19,503 [14] 
日志级别：INFO  
消息描述：loginfo [(null)] 
2于2018年10月12日 10:09:19后台登录成功 
 
日志时间：2018-10-12 10:09:33,972 [8] 
日志级别：INFO  
消息描述：loginfo [(null)] 
1于2018年10月12日 10:09:33后台登录成功 
 
日志时间：2018-10-12 11:13:32,691 [14] 
日志级别：INFO  
消息描述：loginfo [(null)] 
3于2018年10月12日 11:13:32后台登录成功 
 
日志时间：2018-10-12 12:45:34,456 [13] 
日志级别：INFO  
消息描述：loginfo [(null)] 
1于2018年10月12日 12:45:34前台登录成功 
 
日志时间：2018-10-12 12:48:13,644 [7] 
日志级别：INFO  
消息描述：loginfo [(null)] 
1于2018年10月12日 12:48:13前台登录成功 
 
日志时间：2018-10-12 12:53:12,878 [13] 
日志级别：INFO  
消息描述：loginfo [(null)] 
1于2018年10月12日 12:53:12前台登录成功 
 
日志时间：2018-10-12 13:41:26,488 [3] 
日志级别：INFO  
消息描述：loginfo [(null)] 
hanyuechi于2018年10月12日 13:41:26前台登录成功 
 
日志时间：2018-10-12 13:46:01,706 [14] 
日志级别：INFO  
消息描述：loginfo [(null)] 
hanyuechi于2018年10月12日 13:46:01前台登录成功 
 
日志时间：2018-10-12 13:50:38,081 [7] 
日志级别：INFO  
消息描述：loginfo [(null)] 
hanyuechi于2018年10月12日 13:50:38前台登录成功 
 
日志时间：2018-10-12 13:51:40,581 [3] 
日志级别：INFO  
消息描述：loginfo [(null)] 
1于2018年10月12日 13:51:40前台登录成功 
 
日志时间：2018-10-12 13:52:22,660 [7] 
日志级别：INFO  
消息描述：loginfo [(null)] 
1于2018年10月12日 13:52:22后台登录成功 
 
日志时间：2018-10-12 13:55:03,144 [8] 
日志级别：INFO  
消息描述：loginfo [(null)] 
2于2018年10月12日 13:55:03后台登录成功 
 
日志时间：2018-10-12 13:57:56,628 [13] 
日志级别：INFO  
消息描述：loginfo [(null)] 
1于2018年10月12日 13:57:56前台登录成功 
 
日志时间：2018-10-12 14:00:22,894 [8] 
日志级别：INFO  
消息描述：loginfo [(null)] 
1于2018年10月12日 14:00:22后台登录成功 
 
日志时间：2018-10-12 14:05:06,785 [12] 
日志级别：INFO  
消息描述：loginfo [(null)] 
2于2018年10月12日 14:05:06后台登录成功 
 
日志时间：2018-10-12 14:06:49,050 [12] 
日志级别：INFO  
消息描述：loginfo [(null)] 
1于2018年10月12日 14:06:49前台登录成功 
 
日志时间：2018-10-12 14:08:38,706 [12] 
日志级别：INFO  
消息描述：loginfo [(null)] 
3于2018年10月12日 14:08:38后台登录成功 
 
日志时间：2018-10-12 14:12:58,519 [8] 
日志级别：INFO  
消息描述：loginfo [(null)] 
1于2018年10月12日 14:12:58后台登录成功 
 
日志时间：2018-10-12 14:16:49,660 [14] 
日志级别：INFO  
消息描述：loginfo [(null)] 
5于2018年10月12日 14:16:49后台登录成功 
 
日志时间：2018-10-12 14:17:09,519 [8] 
日志级别：INFO  
消息描述：loginfo [(null)] 
3于2018年10月12日 14:17:09后台登录成功 
 
日志时间：2018-10-12 14:21:18,628 [3] 
日志级别：INFO  
消息描述：loginfo [(null)] 
2于2018年10月12日 14:21:18后台登录成功 
 
日志时间：2018-10-12 14:30:54,253 [12] 
日志级别：INFO  
消息描述：loginfo [(null)] 
admin于2018年10月12日 14:30:54前台登录成功 
 
日志时间：2018-10-12 14:31:44,175 [7] 
日志级别：INFO  
消息描述：loginfo [(null)] 
2于2018年10月12日 14:31:44后台登录成功 
 
日志时间：2018-10-12 14:34:54,956 [8] 
日志级别：INFO  
消息描述：loginfo [(null)] 
1于2018年10月12日 14:34:54前台登录成功 
 
日志时间：2018-10-12 14:36:12,753 [13] 
日志级别：INFO  
消息描述：loginfo [(null)] 
2于2018年10月12日 14:36:12前台登录成功 
 
日志时间：2018-10-12 14:37:23,628 [12] 
日志级别：INFO  
消息描述：loginfo [(null)] 
2于2018年10月12日 14:37:23前台登录成功 
 
日志时间：2018-10-12 14:39:29,331 [7] 
日志级别：INFO  
消息描述：loginfo [(null)] 
1于2018年10月12日 14:39:29后台登录成功 
 
日志时间：2018-10-12 14:40:03,941 [7] 
日志级别：INFO  
消息描述：loginfo [(null)] 
郭宇于2018年10月12日 14:40:03前台登录成功 
 
日志时间：2018-10-12 14:40:30,566 [12] 
日志级别：INFO  
消息描述：loginfo [(null)] 
郭宇于2018年10月12日 14:40:30前台登录成功 
 
日志时间：2018-10-12 14:40:53,769 [14] 
日志级别：INFO  
消息描述：loginfo [(null)] 
郭宇于2018年10月12日 14:40:53前台登录成功 
 
日志时间：2018-10-12 14:41:15,769 [13] 
日志级别：INFO  
消息描述：loginfo [(null)] 
郭宇于2018年10月12日 14:41:15前台登录成功 
 
日志时间：2018-10-12 14:42:06,300 [12] 
日志级别：INFO  
消息描述：loginfo [(null)] 
郭宇于2018年10月12日 14:42:06前台登录成功 
 
日志时间：2018-10-12 19:40:13,769 [8] 
日志级别：INFO  
消息描述：loginfo [(null)] 
wcc于2018年10月12日 19:40:13前台登录成功 
 
日志时间：2018-10-12 21:36:00,425 [7] 
日志级别：INFO  
消息描述：loginfo [(null)] 
1于2018年10月12日 21:36:00前台登录成功 
 